
> react-typescript-starter@0.1.0 test
> react-scripts test "--coverage"

PASS src/App.test.tsx
  ✓ renders the course name somewhere (44 ms)

---------------------|---------|----------|---------|---------|-------------------
File                 | % Stmts | % Branch | % Funcs | % Lines | Uncovered Line #s 
---------------------|---------|----------|---------|---------|-------------------
All files            |    12.5 |      100 |   16.66 |    12.5 |                   
 src                 |    12.5 |      100 |   16.66 |    12.5 |                   
  App.tsx            |     100 |      100 |     100 |     100 |                   
  DisplayCourse.tsx  |       0 |      100 |       0 |       0 | 5-11              
  semesterLayout.tsx |       0 |      100 |       0 |       0 | 6-16              
 src/interfaces      |       0 |        0 |       0 |       0 |                   
  course.ts          |       0 |        0 |       0 |       0 |                   
  courseType.ts      |       0 |        0 |       0 |       0 |                   
  degreeplan.ts      |       0 |        0 |       0 |       0 |                   
  semester.ts        |       0 |        0 |       0 |       0 |                   
---------------------|---------|----------|---------|---------|-------------------
Test Suites: 1 passed, 1 total
Tests:       1 passed, 1 total
Snapshots:   0 total
Time:        2.451 s
Ran all test suites.
